<?xml version="1.0" encoding="UTF-8"?>
<!-- Generated by org.testng.reporters.JUnitXMLReporter -->
<testsuite hostname="ajitbiswas-laptop" ignored="0" name="Test" tests="3" failures="1" timestamp="28 Mar 2018 04:06:14 GMT" time="62.331" errors="0">
  <testcase name="testValidLogin" time="5.608" classname="scripts.TestValidLogin">
    <failure type="java.lang.AssertionError" message="null">
      <![CDATA[java.lang.AssertionError: null
	at scripts.TestValidLogin.testValidLogin(TestValidLogin.java:25)
... Removed 27 stack frames]]>
    </failure>
  </testcase> <!-- testValidLogin -->
  <testcase name="testInvalidLogin" time="11.377" classname="scripts.TestInvalidLogin"/>
  <testcase name="testProductVersion" time="11.911" classname="scripts.VerifyProductVersion"/>
</testsuite> <!-- Test -->
